2017-06-21 12:51:19.359  INFO 4252 --- [main] longbridge.InternetbankingApplication    : Starting InternetbankingApplication on kwerenachis-PC with PID 4252 (started by user in C:\Users\user\Desktop\kwere\Internet Banking\ibcmb)
2017-06-21 12:51:19.398 DEBUG 4252 --- [main] longbridge.InternetbankingApplication    : Running with Spring Boot v1.5.2.RELEASE, Spring v4.3.7.RELEASE
2017-06-21 12:51:19.400  INFO 4252 --- [main] longbridge.InternetbankingApplication    : No active profile set, falling back to default profiles: default
2017-06-21 12:51:22.673  INFO 4252 --- [main] s.c.a.AnnotationConfigApplicationContext : Refreshing org.springframework.context.annotation.AnnotationConfigApplicationContext@143640d5: startup date [Wed Jun 21 12:51:22 WAT 2017]; root of context hierarchy
2017-06-21 12:51:28.262  WARN 4252 --- [main] s.c.a.AnnotationConfigApplicationContext : Exception encountered during context initialization - cancelling refresh attempt: org.springframework.beans.factory.BeanDefinitionStoreException: Failed to parse configuration class [longbridge.InternetbankingApplication]; nested exception is java.lang.IllegalStateException: Failed to introspect annotated methods on class org.springframework.boot.web.support.SpringBootServletInitializer
2017-06-21 12:51:28.407 ERROR 4252 --- [main] o.s.b.f.s.DefaultListableBeanFactory     : Destroy method on bean with name 'org.springframework.boot.autoconfigure.internalCachingMetadataReaderFactory' threw an exception

java.lang.IllegalStateException: ApplicationEventMulticaster not initialized - call 'refresh' before multicasting events via the context: org.springframework.context.annotation.AnnotationConfigApplicationContext@143640d5: startup date [Wed Jun 21 12:51:22 WAT 2017]; root of context hierarchy
	at org.springframework.context.support.AbstractApplicationContext.getApplicationEventMulticaster(AbstractApplicationContext.java:404) [spring-context-4.3.7.RELEASE.jar:4.3.7.RELEASE]
	at org.springframework.context.support.ApplicationListenerDetector.postProcessBeforeDestruction(ApplicationListenerDetector.java:97) ~[spring-context-4.3.7.RELEASE.jar:4.3.7.RELEASE]
	at org.springframework.beans.factory.support.DisposableBeanAdapter.destroy(DisposableBeanAdapter.java:253) ~[spring-beans-4.3.7.RELEASE.jar:4.3.7.RELEASE]
	at org.springframework.beans.factory.support.DefaultSingletonBeanRegistry.destroyBean(DefaultSingletonBeanRegistry.java:578) [spring-beans-4.3.7.RELEASE.jar:4.3.7.RELEASE]
	at org.springframework.beans.factory.support.DefaultSingletonBeanRegistry.destroySingleton(DefaultSingletonBeanRegistry.java:554) [spring-beans-4.3.7.RELEASE.jar:4.3.7.RELEASE]
	at org.springframework.beans.factory.support.DefaultListableBeanFactory.destroySingleton(DefaultListableBeanFactory.java:961) [spring-beans-4.3.7.RELEASE.jar:4.3.7.RELEASE]
	at org.springframework.beans.factory.support.DefaultSingletonBeanRegistry.destroySingletons(DefaultSingletonBeanRegistry.java:523) [spring-beans-4.3.7.RELEASE.jar:4.3.7.RELEASE]
	at org.springframework.beans.factory.support.DefaultListableBeanFactory.destroySingletons(DefaultListableBeanFactory.java:968) [spring-beans-4.3.7.RELEASE.jar:4.3.7.RELEASE]
	at org.springframework.context.support.AbstractApplicationContext.destroyBeans(AbstractApplicationContext.java:1033) [spring-context-4.3.7.RELEASE.jar:4.3.7.RELEASE]
	at org.springframework.context.support.AbstractApplicationContext.refresh(AbstractApplicationContext.java:555) [spring-context-4.3.7.RELEASE.jar:4.3.7.RELEASE]
	at org.springframework.boot.SpringApplication.refresh(SpringApplication.java:737) [spring-boot-1.5.2.RELEASE.jar:1.5.2.RELEASE]
	at org.springframework.boot.SpringApplication.refreshContext(SpringApplication.java:370) [spring-boot-1.5.2.RELEASE.jar:1.5.2.RELEASE]
	at org.springframework.boot.SpringApplication.run(SpringApplication.java:314) [spring-boot-1.5.2.RELEASE.jar:1.5.2.RELEASE]
	at org.springframework.boot.SpringApplication.run(SpringApplication.java:1162) [spring-boot-1.5.2.RELEASE.jar:1.5.2.RELEASE]
	at org.springframework.boot.SpringApplication.run(SpringApplication.java:1151) [spring-boot-1.5.2.RELEASE.jar:1.5.2.RELEASE]
	at longbridge.InternetbankingApplication.main(InternetbankingApplication.java:41) [classes/:na]
	at sun.reflect.NativeMethodAccessorImpl.invoke0(Native Method) ~[na:1.8.0_121]
	at sun.reflect.NativeMethodAccessorImpl.invoke(NativeMethodAccessorImpl.java:62) ~[na:1.8.0_121]
	at sun.reflect.DelegatingMethodAccessorImpl.invoke(DelegatingMethodAccessorImpl.java:43) ~[na:1.8.0_121]
	at java.lang.reflect.Method.invoke(Method.java:498) ~[na:1.8.0_121]
	at com.intellij.rt.execution.application.AppMain.main(AppMain.java:147) [idea_rt.jar:na]

2017-06-21 12:51:28.444 ERROR 4252 --- [main] o.s.boot.SpringApplication               : Application startup failed

org.springframework.beans.factory.BeanDefinitionStoreException: Failed to parse configuration class [longbridge.InternetbankingApplication]; nested exception is java.lang.IllegalStateException: Failed to introspect annotated methods on class org.springframework.boot.web.support.SpringBootServletInitializer
	at org.springframework.context.annotation.ConfigurationClassParser.parse(ConfigurationClassParser.java:180) ~[spring-context-4.3.7.RELEASE.jar:4.3.7.RELEASE]
	at org.springframework.context.annotation.ConfigurationClassPostProcessor.processConfigBeanDefinitions(ConfigurationClassPostProcessor.java:308) ~[spring-context-4.3.7.RELEASE.jar:4.3.7.RELEASE]
	at org.springframework.context.annotation.ConfigurationClassPostProcessor.postProcessBeanDefinitionRegistry(ConfigurationClassPostProcessor.java:228) ~[spring-context-4.3.7.RELEASE.jar:4.3.7.RELEASE]
	at org.springframework.context.support.PostProcessorRegistrationDelegate.invokeBeanDefinitionRegistryPostProcessors(PostProcessorRegistrationDelegate.java:270) ~[spring-context-4.3.7.RELEASE.jar:4.3.7.RELEASE]
	at org.springframework.context.support.PostProcessorRegistrationDelegate.invokeBeanFactoryPostProcessors(PostProcessorRegistrationDelegate.java:93) ~[spring-context-4.3.7.RELEASE.jar:4.3.7.RELEASE]
	at org.springframework.context.support.AbstractApplicationContext.invokeBeanFactoryPostProcessors(AbstractApplicationContext.java:686) ~[spring-context-4.3.7.RELEASE.jar:4.3.7.RELEASE]
	at org.springframework.context.support.AbstractApplicationContext.refresh(AbstractApplicationContext.java:524) ~[spring-context-4.3.7.RELEASE.jar:4.3.7.RELEASE]
	at org.springframework.boot.SpringApplication.refresh(SpringApplication.java:737) [spring-boot-1.5.2.RELEASE.jar:1.5.2.RELEASE]
	at org.springframework.boot.SpringApplication.refreshContext(SpringApplication.java:370) [spring-boot-1.5.2.RELEASE.jar:1.5.2.RELEASE]
	at org.springframework.boot.SpringApplication.run(SpringApplication.java:314) [spring-boot-1.5.2.RELEASE.jar:1.5.2.RELEASE]
	at org.springframework.boot.SpringApplication.run(SpringApplication.java:1162) [spring-boot-1.5.2.RELEASE.jar:1.5.2.RELEASE]
	at org.springframework.boot.SpringApplication.run(SpringApplication.java:1151) [spring-boot-1.5.2.RELEASE.jar:1.5.2.RELEASE]
	at longbridge.InternetbankingApplication.main(InternetbankingApplication.java:41) [classes/:na]
	at sun.reflect.NativeMethodAccessorImpl.invoke0(Native Method) ~[na:1.8.0_121]
	at sun.reflect.NativeMethodAccessorImpl.invoke(NativeMethodAccessorImpl.java:62) ~[na:1.8.0_121]
	at sun.reflect.DelegatingMethodAccessorImpl.invoke(DelegatingMethodAccessorImpl.java:43) ~[na:1.8.0_121]
	at java.lang.reflect.Method.invoke(Method.java:498) ~[na:1.8.0_121]
	at com.intellij.rt.execution.application.AppMain.main(AppMain.java:147) [idea_rt.jar:na]
Caused by: java.lang.IllegalStateException: Failed to introspect annotated methods on class org.springframework.boot.web.support.SpringBootServletInitializer
	at org.springframework.core.type.StandardAnnotationMetadata.getAnnotatedMethods(StandardAnnotationMetadata.java:163) ~[spring-core-4.3.7.RELEASE.jar:4.3.7.RELEASE]
	at org.springframework.context.annotation.ConfigurationClassParser.retrieveBeanMethodMetadata(ConfigurationClassParser.java:374) ~[spring-context-4.3.7.RELEASE.jar:4.3.7.RELEASE]
	at org.springframework.context.annotation.ConfigurationClassParser.doProcessConfigurationClass(ConfigurationClassParser.java:308) ~[spring-context-4.3.7.RELEASE.jar:4.3.7.RELEASE]
	at org.springframework.context.annotation.ConfigurationClassParser.processConfigurationClass(ConfigurationClassParser.java:244) ~[spring-context-4.3.7.RELEASE.jar:4.3.7.RELEASE]
	at org.springframework.context.annotation.ConfigurationClassParser.parse(ConfigurationClassParser.java:197) ~[spring-context-4.3.7.RELEASE.jar:4.3.7.RELEASE]
	at org.springframework.context.annotation.ConfigurationClassParser.parse(ConfigurationClassParser.java:166) ~[spring-context-4.3.7.RELEASE.jar:4.3.7.RELEASE]
	... 17 common frames omitted
Caused by: java.lang.NoClassDefFoundError: javax/servlet/ServletContext
	at java.lang.Class.getDeclaredMethods0(Native Method) ~[na:1.8.0_121]
	at java.lang.Class.privateGetDeclaredMethods(Class.java:2701) ~[na:1.8.0_121]
	at java.lang.Class.getDeclaredMethods(Class.java:1975) ~[na:1.8.0_121]
	at org.springframework.core.type.StandardAnnotationMetadata.getAnnotatedMethods(StandardAnnotationMetadata.java:152) ~[spring-core-4.3.7.RELEASE.jar:4.3.7.RELEASE]
	... 22 common frames omitted
Caused by: java.lang.ClassNotFoundException: javax.servlet.ServletContext
	at java.net.URLClassLoader.findClass(URLClassLoader.java:381) ~[na:1.8.0_121]
	at java.lang.ClassLoader.loadClass(ClassLoader.java:424) ~[na:1.8.0_121]
	at sun.misc.Launcher$AppClassLoader.loadClass(Launcher.java:331) ~[na:1.8.0_121]
	at java.lang.ClassLoader.loadClass(ClassLoader.java:357) ~[na:1.8.0_121]
	... 26 common frames omitted

2017-06-21 12:55:24.485  INFO 4840 --- [main] longbridge.InternetbankingApplication    : Starting InternetbankingApplication on kwerenachis-PC with PID 4840 (started by user in C:\Users\user\Desktop\kwere\Internet Banking\ibcmb)
2017-06-21 12:55:24.491 DEBUG 4840 --- [main] longbridge.InternetbankingApplication    : Running with Spring Boot v1.5.2.RELEASE, Spring v4.3.7.RELEASE
2017-06-21 12:55:24.492  INFO 4840 --- [main] longbridge.InternetbankingApplication    : No active profile set, falling back to default profiles: default
2017-06-21 12:55:25.463  INFO 4840 --- [main] s.c.a.AnnotationConfigApplicationContext : Refreshing org.springframework.context.annotation.AnnotationConfigApplicationContext@143640d5: startup date [Wed Jun 21 12:55:25 WAT 2017]; root of context hierarchy
2017-06-21 12:55:48.823  WARN 4840 --- [main] s.c.a.AnnotationConfigApplicationContext : Exception encountered during context initialization - cancelling refresh attempt: org.springframework.beans.factory.BeanDefinitionStoreException: Failed to parse configuration class [longbridge.InternetbankingApplication]; nested exception is java.lang.IllegalStateException: Failed to introspect annotated methods on class org.springframework.boot.web.support.SpringBootServletInitializer
2017-06-21 12:55:48.877 ERROR 4840 --- [main] o.s.b.f.s.DefaultListableBeanFactory     : Destroy method on bean with name 'org.springframework.boot.autoconfigure.internalCachingMetadataReaderFactory' threw an exception

java.lang.IllegalStateException: ApplicationEventMulticaster not initialized - call 'refresh' before multicasting events via the context: org.springframework.context.annotation.AnnotationConfigApplicationContext@143640d5: startup date [Wed Jun 21 12:55:25 WAT 2017]; root of context hierarchy
	at org.springframework.context.support.AbstractApplicationContext.getApplicationEventMulticaster(AbstractApplicationContext.java:404) [spring-context-4.3.7.RELEASE.jar:4.3.7.RELEASE]
	at org.springframework.context.support.ApplicationListenerDetector.postProcessBeforeDestruction(ApplicationListenerDetector.java:97) ~[spring-context-4.3.7.RELEASE.jar:4.3.7.RELEASE]
	at org.springframework.beans.factory.support.DisposableBeanAdapter.destroy(DisposableBeanAdapter.java:253) ~[spring-beans-4.3.7.RELEASE.jar:4.3.7.RELEASE]
	at org.springframework.beans.factory.support.DefaultSingletonBeanRegistry.destroyBean(DefaultSingletonBeanRegistry.java:578) [spring-beans-4.3.7.RELEASE.jar:4.3.7.RELEASE]
	at org.springframework.beans.factory.support.DefaultSingletonBeanRegistry.destroySingleton(DefaultSingletonBeanRegistry.java:554) [spring-beans-4.3.7.RELEASE.jar:4.3.7.RELEASE]
	at org.springframework.beans.factory.support.DefaultListableBeanFactory.destroySingleton(DefaultListableBeanFactory.java:961) [spring-beans-4.3.7.RELEASE.jar:4.3.7.RELEASE]
	at org.springframework.beans.factory.support.DefaultSingletonBeanRegistry.destroySingletons(DefaultSingletonBeanRegistry.java:523) [spring-beans-4.3.7.RELEASE.jar:4.3.7.RELEASE]
	at org.springframework.beans.factory.support.DefaultListableBeanFactory.destroySingletons(DefaultListableBeanFactory.java:968) [spring-beans-4.3.7.RELEASE.jar:4.3.7.RELEASE]
	at org.springframework.context.support.AbstractApplicationContext.destroyBeans(AbstractApplicationContext.java:1033) [spring-context-4.3.7.RELEASE.jar:4.3.7.RELEASE]
	at org.springframework.context.support.AbstractApplicationContext.refresh(AbstractApplicationContext.java:555) [spring-context-4.3.7.RELEASE.jar:4.3.7.RELEASE]
	at org.springframework.boot.SpringApplication.refresh(SpringApplication.java:737) [spring-boot-1.5.2.RELEASE.jar:1.5.2.RELEASE]
	at org.springframework.boot.SpringApplication.refreshContext(SpringApplication.java:370) [spring-boot-1.5.2.RELEASE.jar:1.5.2.RELEASE]
	at org.springframework.boot.SpringApplication.run(SpringApplication.java:314) [spring-boot-1.5.2.RELEASE.jar:1.5.2.RELEASE]
	at org.springframework.boot.SpringApplication.run(SpringApplication.java:1162) [spring-boot-1.5.2.RELEASE.jar:1.5.2.RELEASE]
	at org.springframework.boot.SpringApplication.run(SpringApplication.java:1151) [spring-boot-1.5.2.RELEASE.jar:1.5.2.RELEASE]
	at longbridge.InternetbankingApplication.main(InternetbankingApplication.java:41) [classes/:na]
	at sun.reflect.NativeMethodAccessorImpl.invoke0(Native Method) ~[na:1.8.0_121]
	at sun.reflect.NativeMethodAccessorImpl.invoke(NativeMethodAccessorImpl.java:62) ~[na:1.8.0_121]
	at sun.reflect.DelegatingMethodAccessorImpl.invoke(DelegatingMethodAccessorImpl.java:43) ~[na:1.8.0_121]
	at java.lang.reflect.Method.invoke(Method.java:498) ~[na:1.8.0_121]
	at com.intellij.rt.execution.application.AppMain.main(AppMain.java:147) [idea_rt.jar:na]

2017-06-21 12:55:48.913 ERROR 4840 --- [main] o.s.boot.SpringApplication               : Application startup failed

org.springframework.beans.factory.BeanDefinitionStoreException: Failed to parse configuration class [longbridge.InternetbankingApplication]; nested exception is java.lang.IllegalStateException: Failed to introspect annotated methods on class org.springframework.boot.web.support.SpringBootServletInitializer
	at org.springframework.context.annotation.ConfigurationClassParser.parse(ConfigurationClassParser.java:180) ~[spring-context-4.3.7.RELEASE.jar:4.3.7.RELEASE]
	at org.springframework.context.annotation.ConfigurationClassPostProcessor.processConfigBeanDefinitions(ConfigurationClassPostProcessor.java:308) ~[spring-context-4.3.7.RELEASE.jar:4.3.7.RELEASE]
	at org.springframework.context.annotation.ConfigurationClassPostProcessor.postProcessBeanDefinitionRegistry(ConfigurationClassPostProcessor.java:228) ~[spring-context-4.3.7.RELEASE.jar:4.3.7.RELEASE]
	at org.springframework.context.support.PostProcessorRegistrationDelegate.invokeBeanDefinitionRegistryPostProcessors(PostProcessorRegistrationDelegate.java:270) ~[spring-context-4.3.7.RELEASE.jar:4.3.7.RELEASE]
	at org.springframework.context.support.PostProcessorRegistrationDelegate.invokeBeanFactoryPostProcessors(PostProcessorRegistrationDelegate.java:93) ~[spring-context-4.3.7.RELEASE.jar:4.3.7.RELEASE]
	at org.springframework.context.support.AbstractApplicationContext.invokeBeanFactoryPostProcessors(AbstractApplicationContext.java:686) ~[spring-context-4.3.7.RELEASE.jar:4.3.7.RELEASE]
	at org.springframework.context.support.AbstractApplicationContext.refresh(AbstractApplicationContext.java:524) ~[spring-context-4.3.7.RELEASE.jar:4.3.7.RELEASE]
	at org.springframework.boot.SpringApplication.refresh(SpringApplication.java:737) [spring-boot-1.5.2.RELEASE.jar:1.5.2.RELEASE]
	at org.springframework.boot.SpringApplication.refreshContext(SpringApplication.java:370) [spring-boot-1.5.2.RELEASE.jar:1.5.2.RELEASE]
	at org.springframework.boot.SpringApplication.run(SpringApplication.java:314) [spring-boot-1.5.2.RELEASE.jar:1.5.2.RELEASE]
	at org.springframework.boot.SpringApplication.run(SpringApplication.java:1162) [spring-boot-1.5.2.RELEASE.jar:1.5.2.RELEASE]
	at org.springframework.boot.SpringApplication.run(SpringApplication.java:1151) [spring-boot-1.5.2.RELEASE.jar:1.5.2.RELEASE]
	at longbridge.InternetbankingApplication.main(InternetbankingApplication.java:41) [classes/:na]
	at sun.reflect.NativeMethodAccessorImpl.invoke0(Native Method) ~[na:1.8.0_121]
	at sun.reflect.NativeMethodAccessorImpl.invoke(NativeMethodAccessorImpl.java:62) ~[na:1.8.0_121]
	at sun.reflect.DelegatingMethodAccessorImpl.invoke(DelegatingMethodAccessorImpl.java:43) ~[na:1.8.0_121]
	at java.lang.reflect.Method.invoke(Method.java:498) ~[na:1.8.0_121]
	at com.intellij.rt.execution.application.AppMain.main(AppMain.java:147) [idea_rt.jar:na]
Caused by: java.lang.IllegalStateException: Failed to introspect annotated methods on class org.springframework.boot.web.support.SpringBootServletInitializer
	at org.springframework.core.type.StandardAnnotationMetadata.getAnnotatedMethods(StandardAnnotationMetadata.java:163) ~[spring-core-4.3.7.RELEASE.jar:4.3.7.RELEASE]
	at org.springframework.context.annotation.ConfigurationClassParser.retrieveBeanMethodMetadata(ConfigurationClassParser.java:374) ~[spring-context-4.3.7.RELEASE.jar:4.3.7.RELEASE]
	at org.springframework.context.annotation.ConfigurationClassParser.doProcessConfigurationClass(ConfigurationClassParser.java:308) ~[spring-context-4.3.7.RELEASE.jar:4.3.7.RELEASE]
	at org.springframework.context.annotation.ConfigurationClassParser.processConfigurationClass(ConfigurationClassParser.java:244) ~[spring-context-4.3.7.RELEASE.jar:4.3.7.RELEASE]
	at org.springframework.context.annotation.ConfigurationClassParser.parse(ConfigurationClassParser.java:197) ~[spring-context-4.3.7.RELEASE.jar:4.3.7.RELEASE]
	at org.springframework.context.annotation.ConfigurationClassParser.parse(ConfigurationClassParser.java:166) ~[spring-context-4.3.7.RELEASE.jar:4.3.7.RELEASE]
	... 17 common frames omitted
Caused by: java.lang.NoClassDefFoundError: javax/servlet/ServletContext
	at java.lang.Class.getDeclaredMethods0(Native Method) ~[na:1.8.0_121]
	at java.lang.Class.privateGetDeclaredMethods(Class.java:2701) ~[na:1.8.0_121]
	at java.lang.Class.getDeclaredMethods(Class.java:1975) ~[na:1.8.0_121]
	at org.springframework.core.type.StandardAnnotationMetadata.getAnnotatedMethods(StandardAnnotationMetadata.java:152) ~[spring-core-4.3.7.RELEASE.jar:4.3.7.RELEASE]
	... 22 common frames omitted
Caused by: java.lang.ClassNotFoundException: javax.servlet.ServletContext
	at java.net.URLClassLoader.findClass(URLClassLoader.java:381) ~[na:1.8.0_121]
	at java.lang.ClassLoader.loadClass(ClassLoader.java:424) ~[na:1.8.0_121]
	at sun.misc.Launcher$AppClassLoader.loadClass(Launcher.java:331) ~[na:1.8.0_121]
	at java.lang.ClassLoader.loadClass(ClassLoader.java:357) ~[na:1.8.0_121]
	... 26 common frames omitted

