2020-08-19 10:29:50,789 - Log4JLogChute initialized using file 'velocity.log'
2020-08-19 10:29:50,790 - Initializing Velocity, Calling init()...
2020-08-19 10:29:50,790 - Starting Apache Velocity v1.7 (compiled: 2010-11-19 12:14:37)
2020-08-19 10:29:50,790 - Default Properties File: org\apache\velocity\runtime\defaults\velocity.properties
2020-08-19 10:29:50,790 - Trying to use logger class org.apache.velocity.runtime.log.AvalonLogChute
2020-08-19 10:29:50,790 - Target log system for org.apache.velocity.runtime.log.AvalonLogChute is not available (java.lang.NoClassDefFoundError: org/apache/log/Priority).  Falling back to next log system...
2020-08-19 10:29:50,790 - Trying to use logger class org.apache.velocity.runtime.log.Log4JLogChute
2020-08-19 10:29:50,813 - Using logger class org.apache.velocity.runtime.log.Log4JLogChute
2020-08-19 10:29:50,825 - ResourceLoader instantiated: org.apache.velocity.runtime.resource.loader.ClasspathResourceLoader
2020-08-19 10:29:50,868 - ResourceCache: initialized (class org.apache.velocity.runtime.resource.ResourceCacheImpl) with class java.util.Collections$SynchronizedMap cache map.
2020-08-19 10:29:50,882 - Loaded System Directive: org.apache.velocity.runtime.directive.Stop
2020-08-19 10:29:50,886 - Loaded System Directive: org.apache.velocity.runtime.directive.Define
2020-08-19 10:29:50,888 - Loaded System Directive: org.apache.velocity.runtime.directive.Break
2020-08-19 10:29:50,891 - Loaded System Directive: org.apache.velocity.runtime.directive.Evaluate
2020-08-19 10:29:50,893 - Loaded System Directive: org.apache.velocity.runtime.directive.Literal
2020-08-19 10:29:50,899 - Loaded System Directive: org.apache.velocity.runtime.directive.Macro
2020-08-19 10:29:50,905 - Loaded System Directive: org.apache.velocity.runtime.directive.Parse
2020-08-19 10:29:50,909 - Loaded System Directive: org.apache.velocity.runtime.directive.Include
2020-08-19 10:29:50,912 - Loaded System Directive: org.apache.velocity.runtime.directive.Foreach
2020-08-19 10:29:50,967 - Created '20' parsers.
2020-08-19 10:29:50,971 - Velocimacro : "velocimacro.library" is not set.  Trying default library: VM_global_library.vm
2020-08-19 10:29:50,976 - Could not load resource 'VM_global_library.vm' from ResourceLoader org.apache.velocity.runtime.resource.loader.ClasspathResourceLoader: ClasspathResourceLoader Error: cannot find resource VM_global_library.vm
2020-08-19 10:29:50,976 - Velocimacro : Default library not found.
2020-08-19 10:29:50,976 - Velocimacro : allowInline = true : VMs can be defined inline in templates
2020-08-19 10:29:50,976 - Velocimacro : allowInlineToOverride = false : VMs defined inline may NOT replace previous VM definitions
2020-08-19 10:29:50,976 - Velocimacro : allowInlineLocal = false : VMs defined inline will be global in scope if allowed.
2020-08-19 10:29:50,977 - Velocimacro : autoload off : VM system will not automatically reload global library macros
2020-08-19 15:34:02,056 - Log4JLogChute initialized using file 'velocity.log'
2020-08-19 15:34:02,056 - Initializing Velocity, Calling init()...
2020-08-19 15:34:02,056 - Starting Apache Velocity v1.7 (compiled: 2010-11-19 12:14:37)
2020-08-19 15:34:02,056 - Default Properties File: org\apache\velocity\runtime\defaults\velocity.properties
2020-08-19 15:34:02,056 - Trying to use logger class org.apache.velocity.runtime.log.AvalonLogChute
2020-08-19 15:34:02,056 - Target log system for org.apache.velocity.runtime.log.AvalonLogChute is not available (java.lang.NoClassDefFoundError: org/apache/log/Priority).  Falling back to next log system...
2020-08-19 15:34:02,056 - Trying to use logger class org.apache.velocity.runtime.log.Log4JLogChute
2020-08-19 15:34:02,056 - Using logger class org.apache.velocity.runtime.log.Log4JLogChute
2020-08-19 15:34:02,060 - ResourceLoader instantiated: org.apache.velocity.runtime.resource.loader.ClasspathResourceLoader
2020-08-19 15:34:02,068 - ResourceCache: initialized (class org.apache.velocity.runtime.resource.ResourceCacheImpl) with class java.util.Collections$SynchronizedMap cache map.
2020-08-19 15:34:02,070 - Loaded System Directive: org.apache.velocity.runtime.directive.Stop
2020-08-19 15:34:02,072 - Loaded System Directive: org.apache.velocity.runtime.directive.Define
2020-08-19 15:34:02,072 - Loaded System Directive: org.apache.velocity.runtime.directive.Break
2020-08-19 15:34:02,073 - Loaded System Directive: org.apache.velocity.runtime.directive.Evaluate
2020-08-19 15:34:02,074 - Loaded System Directive: org.apache.velocity.runtime.directive.Literal
2020-08-19 15:34:02,075 - Loaded System Directive: org.apache.velocity.runtime.directive.Macro
2020-08-19 15:34:02,076 - Loaded System Directive: org.apache.velocity.runtime.directive.Parse
2020-08-19 15:34:02,076 - Loaded System Directive: org.apache.velocity.runtime.directive.Include
2020-08-19 15:34:02,077 - Loaded System Directive: org.apache.velocity.runtime.directive.Foreach
2020-08-19 15:34:02,093 - Created '20' parsers.
2020-08-19 15:34:02,095 - Velocimacro : "velocimacro.library" is not set.  Trying default library: VM_global_library.vm
2020-08-19 15:34:02,097 - Could not load resource 'VM_global_library.vm' from ResourceLoader org.apache.velocity.runtime.resource.loader.ClasspathResourceLoader: ClasspathResourceLoader Error: cannot find resource VM_global_library.vm
2020-08-19 15:34:02,097 - Velocimacro : Default library not found.
2020-08-19 15:34:02,097 - Velocimacro : allowInline = true : VMs can be defined inline in templates
2020-08-19 15:34:02,097 - Velocimacro : allowInlineToOverride = false : VMs defined inline may NOT replace previous VM definitions
2020-08-19 15:34:02,097 - Velocimacro : allowInlineLocal = false : VMs defined inline will be global in scope if allowed.
2020-08-19 15:34:02,097 - Velocimacro : autoload off : VM system will not automatically reload global library macros
2020-08-20 10:46:45,984 - Log4JLogChute initialized using file 'velocity.log'
2020-08-20 10:46:46,023 - Initializing Velocity, Calling init()...
2020-08-20 10:46:46,023 - Starting Apache Velocity v1.7 (compiled: 2010-11-19 12:14:37)
2020-08-20 10:46:46,023 - Default Properties File: org\apache\velocity\runtime\defaults\velocity.properties
2020-08-20 10:46:46,023 - Trying to use logger class org.apache.velocity.runtime.log.AvalonLogChute
2020-08-20 10:46:46,023 - Target log system for org.apache.velocity.runtime.log.AvalonLogChute is not available (java.lang.NoClassDefFoundError: org/apache/log/Priority).  Falling back to next log system...
2020-08-20 10:46:46,023 - Trying to use logger class org.apache.velocity.runtime.log.Log4JLogChute
2020-08-20 10:46:46,023 - Using logger class org.apache.velocity.runtime.log.Log4JLogChute
2020-08-20 10:46:46,034 - ResourceLoader instantiated: org.apache.velocity.runtime.resource.loader.ClasspathResourceLoader
2020-08-20 10:46:46,060 - ResourceCache: initialized (class org.apache.velocity.runtime.resource.ResourceCacheImpl) with class java.util.Collections$SynchronizedMap cache map.
2020-08-20 10:46:46,071 - Loaded System Directive: org.apache.velocity.runtime.directive.Stop
2020-08-20 10:46:46,079 - Loaded System Directive: org.apache.velocity.runtime.directive.Define
2020-08-20 10:46:46,081 - Loaded System Directive: org.apache.velocity.runtime.directive.Break
2020-08-20 10:46:46,085 - Loaded System Directive: org.apache.velocity.runtime.directive.Evaluate
2020-08-20 10:46:46,088 - Loaded System Directive: org.apache.velocity.runtime.directive.Literal
2020-08-20 10:46:46,093 - Loaded System Directive: org.apache.velocity.runtime.directive.Macro
2020-08-20 10:46:46,098 - Loaded System Directive: org.apache.velocity.runtime.directive.Parse
2020-08-20 10:46:46,100 - Loaded System Directive: org.apache.velocity.runtime.directive.Include
2020-08-20 10:46:46,103 - Loaded System Directive: org.apache.velocity.runtime.directive.Foreach
2020-08-20 10:46:46,165 - Created '20' parsers.
2020-08-20 10:46:46,178 - Velocimacro : "velocimacro.library" is not set.  Trying default library: VM_global_library.vm
2020-08-20 10:46:46,185 - Could not load resource 'VM_global_library.vm' from ResourceLoader org.apache.velocity.runtime.resource.loader.ClasspathResourceLoader: ClasspathResourceLoader Error: cannot find resource VM_global_library.vm
2020-08-20 10:46:46,185 - Velocimacro : Default library not found.
2020-08-20 10:46:46,185 - Velocimacro : allowInline = true : VMs can be defined inline in templates
2020-08-20 10:46:46,185 - Velocimacro : allowInlineToOverride = false : VMs defined inline may NOT replace previous VM definitions
2020-08-20 10:46:46,185 - Velocimacro : allowInlineLocal = false : VMs defined inline will be global in scope if allowed.
2020-08-20 10:46:46,186 - Velocimacro : autoload off : VM system will not automatically reload global library macros
2020-08-20 23:35:58,945 - Log4JLogChute initialized using file 'velocity.log'
2020-08-20 23:35:58,945 - Initializing Velocity, Calling init()...
2020-08-20 23:35:58,945 - Starting Apache Velocity v1.7 (compiled: 2010-11-19 12:14:37)
2020-08-20 23:35:58,946 - Default Properties File: org\apache\velocity\runtime\defaults\velocity.properties
2020-08-20 23:35:58,946 - Trying to use logger class org.apache.velocity.runtime.log.AvalonLogChute
2020-08-20 23:35:58,946 - Target log system for org.apache.velocity.runtime.log.AvalonLogChute is not available (java.lang.NoClassDefFoundError: org/apache/log/Priority).  Falling back to next log system...
2020-08-20 23:35:58,946 - Trying to use logger class org.apache.velocity.runtime.log.Log4JLogChute
2020-08-20 23:35:58,946 - Using logger class org.apache.velocity.runtime.log.Log4JLogChute
2020-08-20 23:35:58,950 - ResourceLoader instantiated: org.apache.velocity.runtime.resource.loader.ClasspathResourceLoader
2020-08-20 23:35:58,962 - ResourceCache: initialized (class org.apache.velocity.runtime.resource.ResourceCacheImpl) with class java.util.Collections$SynchronizedMap cache map.
2020-08-20 23:35:58,966 - Loaded System Directive: org.apache.velocity.runtime.directive.Stop
2020-08-20 23:35:58,968 - Loaded System Directive: org.apache.velocity.runtime.directive.Define
2020-08-20 23:35:58,969 - Loaded System Directive: org.apache.velocity.runtime.directive.Break
2020-08-20 23:35:58,970 - Loaded System Directive: org.apache.velocity.runtime.directive.Evaluate
2020-08-20 23:35:58,971 - Loaded System Directive: org.apache.velocity.runtime.directive.Literal
2020-08-20 23:35:58,972 - Loaded System Directive: org.apache.velocity.runtime.directive.Macro
2020-08-20 23:35:58,974 - Loaded System Directive: org.apache.velocity.runtime.directive.Parse
2020-08-20 23:35:58,975 - Loaded System Directive: org.apache.velocity.runtime.directive.Include
2020-08-20 23:35:58,977 - Loaded System Directive: org.apache.velocity.runtime.directive.Foreach
2020-08-20 23:35:58,998 - Created '20' parsers.
2020-08-20 23:35:59,001 - Velocimacro : "velocimacro.library" is not set.  Trying default library: VM_global_library.vm
2020-08-20 23:35:59,004 - Could not load resource 'VM_global_library.vm' from ResourceLoader org.apache.velocity.runtime.resource.loader.ClasspathResourceLoader: ClasspathResourceLoader Error: cannot find resource VM_global_library.vm
2020-08-20 23:35:59,004 - Velocimacro : Default library not found.
2020-08-20 23:35:59,005 - Velocimacro : allowInline = true : VMs can be defined inline in templates
2020-08-20 23:35:59,005 - Velocimacro : allowInlineToOverride = false : VMs defined inline may NOT replace previous VM definitions
2020-08-20 23:35:59,005 - Velocimacro : allowInlineLocal = false : VMs defined inline will be global in scope if allowed.
2020-08-20 23:35:59,005 - Velocimacro : autoload off : VM system will not automatically reload global library macros
2020-08-21 21:54:18,232 - Log4JLogChute initialized using file 'velocity.log'
2020-08-21 21:54:18,232 - Initializing Velocity, Calling init()...
2020-08-21 21:54:18,232 - Starting Apache Velocity v1.7 (compiled: 2010-11-19 12:14:37)
2020-08-21 21:54:18,232 - Default Properties File: org\apache\velocity\runtime\defaults\velocity.properties
2020-08-21 21:54:18,232 - Trying to use logger class org.apache.velocity.runtime.log.AvalonLogChute
2020-08-21 21:54:18,232 - Target log system for org.apache.velocity.runtime.log.AvalonLogChute is not available (java.lang.NoClassDefFoundError: org/apache/log/Priority).  Falling back to next log system...
2020-08-21 21:54:18,232 - Trying to use logger class org.apache.velocity.runtime.log.Log4JLogChute
2020-08-21 21:54:18,232 - Using logger class org.apache.velocity.runtime.log.Log4JLogChute
2020-08-21 21:54:18,235 - ResourceLoader instantiated: org.apache.velocity.runtime.resource.loader.ClasspathResourceLoader
2020-08-21 21:54:18,244 - ResourceCache: initialized (class org.apache.velocity.runtime.resource.ResourceCacheImpl) with class java.util.Collections$SynchronizedMap cache map.
2020-08-21 21:54:18,247 - Loaded System Directive: org.apache.velocity.runtime.directive.Stop
2020-08-21 21:54:18,248 - Loaded System Directive: org.apache.velocity.runtime.directive.Define
2020-08-21 21:54:18,249 - Loaded System Directive: org.apache.velocity.runtime.directive.Break
2020-08-21 21:54:18,249 - Loaded System Directive: org.apache.velocity.runtime.directive.Evaluate
2020-08-21 21:54:18,250 - Loaded System Directive: org.apache.velocity.runtime.directive.Literal
2020-08-21 21:54:18,250 - Loaded System Directive: org.apache.velocity.runtime.directive.Macro
2020-08-21 21:54:18,252 - Loaded System Directive: org.apache.velocity.runtime.directive.Parse
2020-08-21 21:54:18,252 - Loaded System Directive: org.apache.velocity.runtime.directive.Include
2020-08-21 21:54:18,253 - Loaded System Directive: org.apache.velocity.runtime.directive.Foreach
2020-08-21 21:54:18,267 - Created '20' parsers.
2020-08-21 21:54:18,269 - Velocimacro : "velocimacro.library" is not set.  Trying default library: VM_global_library.vm
2020-08-21 21:54:18,271 - Could not load resource 'VM_global_library.vm' from ResourceLoader org.apache.velocity.runtime.resource.loader.ClasspathResourceLoader: ClasspathResourceLoader Error: cannot find resource VM_global_library.vm
2020-08-21 21:54:18,272 - Velocimacro : Default library not found.
2020-08-21 21:54:18,272 - Velocimacro : allowInline = true : VMs can be defined inline in templates
2020-08-21 21:54:18,272 - Velocimacro : allowInlineToOverride = false : VMs defined inline may NOT replace previous VM definitions
2020-08-21 21:54:18,272 - Velocimacro : allowInlineLocal = false : VMs defined inline will be global in scope if allowed.
2020-08-21 21:54:18,272 - Velocimacro : autoload off : VM system will not automatically reload global library macros
2020-08-24 13:00:59,620 - Log4JLogChute initialized using file 'velocity.log'
2020-08-24 13:00:59,679 - Initializing Velocity, Calling init()...
2020-08-24 13:00:59,680 - Starting Apache Velocity v1.7 (compiled: 2010-11-19 12:14:37)
2020-08-24 13:00:59,680 - Default Properties File: org\apache\velocity\runtime\defaults\velocity.properties
2020-08-24 13:00:59,680 - Trying to use logger class org.apache.velocity.runtime.log.AvalonLogChute
2020-08-24 13:00:59,680 - Target log system for org.apache.velocity.runtime.log.AvalonLogChute is not available (java.lang.NoClassDefFoundError: org/apache/log/Priority).  Falling back to next log system...
2020-08-24 13:00:59,680 - Trying to use logger class org.apache.velocity.runtime.log.Log4JLogChute
2020-08-24 13:00:59,680 - Using logger class org.apache.velocity.runtime.log.Log4JLogChute
2020-08-24 13:00:59,690 - ResourceLoader instantiated: org.apache.velocity.runtime.resource.loader.ClasspathResourceLoader
2020-08-24 13:00:59,716 - ResourceCache: initialized (class org.apache.velocity.runtime.resource.ResourceCacheImpl) with class java.util.Collections$SynchronizedMap cache map.
2020-08-24 13:00:59,724 - Loaded System Directive: org.apache.velocity.runtime.directive.Stop
2020-08-24 13:00:59,728 - Loaded System Directive: org.apache.velocity.runtime.directive.Define
2020-08-24 13:00:59,729 - Loaded System Directive: org.apache.velocity.runtime.directive.Break
2020-08-24 13:00:59,731 - Loaded System Directive: org.apache.velocity.runtime.directive.Evaluate
2020-08-24 13:00:59,733 - Loaded System Directive: org.apache.velocity.runtime.directive.Literal
2020-08-24 13:00:59,736 - Loaded System Directive: org.apache.velocity.runtime.directive.Macro
2020-08-24 13:00:59,740 - Loaded System Directive: org.apache.velocity.runtime.directive.Parse
2020-08-24 13:00:59,743 - Loaded System Directive: org.apache.velocity.runtime.directive.Include
2020-08-24 13:00:59,746 - Loaded System Directive: org.apache.velocity.runtime.directive.Foreach
2020-08-24 13:00:59,789 - Created '20' parsers.
2020-08-24 13:00:59,795 - Velocimacro : "velocimacro.library" is not set.  Trying default library: VM_global_library.vm
2020-08-24 13:00:59,803 - Could not load resource 'VM_global_library.vm' from ResourceLoader org.apache.velocity.runtime.resource.loader.ClasspathResourceLoader: ClasspathResourceLoader Error: cannot find resource VM_global_library.vm
2020-08-24 13:00:59,804 - Velocimacro : Default library not found.
2020-08-24 13:00:59,804 - Velocimacro : allowInline = true : VMs can be defined inline in templates
2020-08-24 13:00:59,804 - Velocimacro : allowInlineToOverride = false : VMs defined inline may NOT replace previous VM definitions
2020-08-24 13:00:59,804 - Velocimacro : allowInlineLocal = false : VMs defined inline will be global in scope if allowed.
2020-08-24 13:00:59,805 - Velocimacro : autoload off : VM system will not automatically reload global library macros
2020-08-24 14:38:00,187 - Log4JLogChute initialized using file 'velocity.log'
2020-08-24 14:38:00,188 - Initializing Velocity, Calling init()...
2020-08-24 14:38:00,188 - Starting Apache Velocity v1.7 (compiled: 2010-11-19 12:14:37)
2020-08-24 14:38:00,188 - Default Properties File: org\apache\velocity\runtime\defaults\velocity.properties
2020-08-24 14:38:00,188 - Trying to use logger class org.apache.velocity.runtime.log.AvalonLogChute
2020-08-24 14:38:00,188 - Target log system for org.apache.velocity.runtime.log.AvalonLogChute is not available (java.lang.NoClassDefFoundError: org/apache/log/Priority).  Falling back to next log system...
2020-08-24 14:38:00,188 - Trying to use logger class org.apache.velocity.runtime.log.Log4JLogChute
2020-08-24 14:38:00,188 - Using logger class org.apache.velocity.runtime.log.Log4JLogChute
2020-08-24 14:38:00,191 - ResourceLoader instantiated: org.apache.velocity.runtime.resource.loader.ClasspathResourceLoader
2020-08-24 14:38:00,199 - ResourceCache: initialized (class org.apache.velocity.runtime.resource.ResourceCacheImpl) with class java.util.Collections$SynchronizedMap cache map.
2020-08-24 14:38:00,201 - Loaded System Directive: org.apache.velocity.runtime.directive.Stop
2020-08-24 14:38:00,202 - Loaded System Directive: org.apache.velocity.runtime.directive.Define
2020-08-24 14:38:00,203 - Loaded System Directive: org.apache.velocity.runtime.directive.Break
2020-08-24 14:38:00,203 - Loaded System Directive: org.apache.velocity.runtime.directive.Evaluate
2020-08-24 14:38:00,204 - Loaded System Directive: org.apache.velocity.runtime.directive.Literal
2020-08-24 14:38:00,204 - Loaded System Directive: org.apache.velocity.runtime.directive.Macro
2020-08-24 14:38:00,206 - Loaded System Directive: org.apache.velocity.runtime.directive.Parse
2020-08-24 14:38:00,206 - Loaded System Directive: org.apache.velocity.runtime.directive.Include
2020-08-24 14:38:00,207 - Loaded System Directive: org.apache.velocity.runtime.directive.Foreach
2020-08-24 14:38:00,221 - Created '20' parsers.
2020-08-24 14:38:00,223 - Velocimacro : "velocimacro.library" is not set.  Trying default library: VM_global_library.vm
2020-08-24 14:38:00,225 - Could not load resource 'VM_global_library.vm' from ResourceLoader org.apache.velocity.runtime.resource.loader.ClasspathResourceLoader: ClasspathResourceLoader Error: cannot find resource VM_global_library.vm
2020-08-24 14:38:00,225 - Velocimacro : Default library not found.
2020-08-24 14:38:00,225 - Velocimacro : allowInline = true : VMs can be defined inline in templates
2020-08-24 14:38:00,225 - Velocimacro : allowInlineToOverride = false : VMs defined inline may NOT replace previous VM definitions
2020-08-24 14:38:00,225 - Velocimacro : allowInlineLocal = false : VMs defined inline will be global in scope if allowed.
2020-08-24 14:38:00,226 - Velocimacro : autoload off : VM system will not automatically reload global library macros
2020-08-24 14:43:06,999 - Log4JLogChute initialized using file 'velocity.log'
2020-08-24 14:43:06,999 - Initializing Velocity, Calling init()...
2020-08-24 14:43:06,999 - Starting Apache Velocity v1.7 (compiled: 2010-11-19 12:14:37)
2020-08-24 14:43:06,999 - Default Properties File: org\apache\velocity\runtime\defaults\velocity.properties
2020-08-24 14:43:06,999 - Trying to use logger class org.apache.velocity.runtime.log.AvalonLogChute
2020-08-24 14:43:06,999 - Target log system for org.apache.velocity.runtime.log.AvalonLogChute is not available (java.lang.NoClassDefFoundError: org/apache/log/Priority).  Falling back to next log system...
2020-08-24 14:43:06,999 - Trying to use logger class org.apache.velocity.runtime.log.Log4JLogChute
2020-08-24 14:43:07,000 - Using logger class org.apache.velocity.runtime.log.Log4JLogChute
2020-08-24 14:43:07,003 - ResourceLoader instantiated: org.apache.velocity.runtime.resource.loader.ClasspathResourceLoader
2020-08-24 14:43:07,011 - ResourceCache: initialized (class org.apache.velocity.runtime.resource.ResourceCacheImpl) with class java.util.Collections$SynchronizedMap cache map.
2020-08-24 14:43:07,013 - Loaded System Directive: org.apache.velocity.runtime.directive.Stop
2020-08-24 14:43:07,015 - Loaded System Directive: org.apache.velocity.runtime.directive.Define
2020-08-24 14:43:07,016 - Loaded System Directive: org.apache.velocity.runtime.directive.Break
2020-08-24 14:43:07,017 - Loaded System Directive: org.apache.velocity.runtime.directive.Evaluate
2020-08-24 14:43:07,018 - Loaded System Directive: org.apache.velocity.runtime.directive.Literal
2020-08-24 14:43:07,019 - Loaded System Directive: org.apache.velocity.runtime.directive.Macro
2020-08-24 14:43:07,020 - Loaded System Directive: org.apache.velocity.runtime.directive.Parse
2020-08-24 14:43:07,021 - Loaded System Directive: org.apache.velocity.runtime.directive.Include
2020-08-24 14:43:07,022 - Loaded System Directive: org.apache.velocity.runtime.directive.Foreach
2020-08-24 14:43:07,035 - Created '20' parsers.
2020-08-24 14:43:07,037 - Velocimacro : "velocimacro.library" is not set.  Trying default library: VM_global_library.vm
2020-08-24 14:43:07,039 - Could not load resource 'VM_global_library.vm' from ResourceLoader org.apache.velocity.runtime.resource.loader.ClasspathResourceLoader: ClasspathResourceLoader Error: cannot find resource VM_global_library.vm
2020-08-24 14:43:07,039 - Velocimacro : Default library not found.
2020-08-24 14:43:07,039 - Velocimacro : allowInline = true : VMs can be defined inline in templates
2020-08-24 14:43:07,039 - Velocimacro : allowInlineToOverride = false : VMs defined inline may NOT replace previous VM definitions
2020-08-24 14:43:07,040 - Velocimacro : allowInlineLocal = false : VMs defined inline will be global in scope if allowed.
2020-08-24 14:43:07,040 - Velocimacro : autoload off : VM system will not automatically reload global library macros
2020-08-24 15:25:17,198 - Log4JLogChute initialized using file 'velocity.log'
2020-08-24 15:25:17,198 - Initializing Velocity, Calling init()...
2020-08-24 15:25:17,198 - Starting Apache Velocity v1.7 (compiled: 2010-11-19 12:14:37)
2020-08-24 15:25:17,198 - Default Properties File: org\apache\velocity\runtime\defaults\velocity.properties
2020-08-24 15:25:17,198 - Trying to use logger class org.apache.velocity.runtime.log.AvalonLogChute
2020-08-24 15:25:17,198 - Target log system for org.apache.velocity.runtime.log.AvalonLogChute is not available (java.lang.NoClassDefFoundError: org/apache/log/Priority).  Falling back to next log system...
2020-08-24 15:25:17,198 - Trying to use logger class org.apache.velocity.runtime.log.Log4JLogChute
2020-08-24 15:25:17,198 - Using logger class org.apache.velocity.runtime.log.Log4JLogChute
2020-08-24 15:25:17,202 - ResourceLoader instantiated: org.apache.velocity.runtime.resource.loader.ClasspathResourceLoader
2020-08-24 15:25:17,211 - ResourceCache: initialized (class org.apache.velocity.runtime.resource.ResourceCacheImpl) with class java.util.Collections$SynchronizedMap cache map.
2020-08-24 15:25:17,213 - Loaded System Directive: org.apache.velocity.runtime.directive.Stop
2020-08-24 15:25:17,214 - Loaded System Directive: org.apache.velocity.runtime.directive.Define
2020-08-24 15:25:17,215 - Loaded System Directive: org.apache.velocity.runtime.directive.Break
2020-08-24 15:25:17,216 - Loaded System Directive: org.apache.velocity.runtime.directive.Evaluate
2020-08-24 15:25:17,216 - Loaded System Directive: org.apache.velocity.runtime.directive.Literal
2020-08-24 15:25:17,217 - Loaded System Directive: org.apache.velocity.runtime.directive.Macro
2020-08-24 15:25:17,218 - Loaded System Directive: org.apache.velocity.runtime.directive.Parse
2020-08-24 15:25:17,219 - Loaded System Directive: org.apache.velocity.runtime.directive.Include
2020-08-24 15:25:17,220 - Loaded System Directive: org.apache.velocity.runtime.directive.Foreach
2020-08-24 15:25:17,233 - Created '20' parsers.
2020-08-24 15:25:17,235 - Velocimacro : "velocimacro.library" is not set.  Trying default library: VM_global_library.vm
2020-08-24 15:25:17,238 - Could not load resource 'VM_global_library.vm' from ResourceLoader org.apache.velocity.runtime.resource.loader.ClasspathResourceLoader: ClasspathResourceLoader Error: cannot find resource VM_global_library.vm
2020-08-24 15:25:17,238 - Velocimacro : Default library not found.
2020-08-24 15:25:17,238 - Velocimacro : allowInline = true : VMs can be defined inline in templates
2020-08-24 15:25:17,238 - Velocimacro : allowInlineToOverride = false : VMs defined inline may NOT replace previous VM definitions
2020-08-24 15:25:17,238 - Velocimacro : allowInlineLocal = false : VMs defined inline will be global in scope if allowed.
2020-08-24 15:25:17,238 - Velocimacro : autoload off : VM system will not automatically reload global library macros
2020-08-24 15:36:45,782 - Log4JLogChute initialized using file 'velocity.log'
2020-08-24 15:36:45,783 - Initializing Velocity, Calling init()...
2020-08-24 15:36:45,783 - Starting Apache Velocity v1.7 (compiled: 2010-11-19 12:14:37)
2020-08-24 15:36:45,783 - Default Properties File: org\apache\velocity\runtime\defaults\velocity.properties
2020-08-24 15:36:45,783 - Trying to use logger class org.apache.velocity.runtime.log.AvalonLogChute
2020-08-24 15:36:45,783 - Target log system for org.apache.velocity.runtime.log.AvalonLogChute is not available (java.lang.NoClassDefFoundError: org/apache/log/Priority).  Falling back to next log system...
2020-08-24 15:36:45,783 - Trying to use logger class org.apache.velocity.runtime.log.Log4JLogChute
2020-08-24 15:36:45,783 - Using logger class org.apache.velocity.runtime.log.Log4JLogChute
2020-08-24 15:36:45,787 - ResourceLoader instantiated: org.apache.velocity.runtime.resource.loader.ClasspathResourceLoader
2020-08-24 15:36:45,796 - ResourceCache: initialized (class org.apache.velocity.runtime.resource.ResourceCacheImpl) with class java.util.Collections$SynchronizedMap cache map.
2020-08-24 15:36:45,799 - Loaded System Directive: org.apache.velocity.runtime.directive.Stop
2020-08-24 15:36:45,800 - Loaded System Directive: org.apache.velocity.runtime.directive.Define
2020-08-24 15:36:45,801 - Loaded System Directive: org.apache.velocity.runtime.directive.Break
2020-08-24 15:36:45,802 - Loaded System Directive: org.apache.velocity.runtime.directive.Evaluate
2020-08-24 15:36:45,803 - Loaded System Directive: org.apache.velocity.runtime.directive.Literal
2020-08-24 15:36:45,804 - Loaded System Directive: org.apache.velocity.runtime.directive.Macro
2020-08-24 15:36:45,805 - Loaded System Directive: org.apache.velocity.runtime.directive.Parse
2020-08-24 15:36:45,806 - Loaded System Directive: org.apache.velocity.runtime.directive.Include
2020-08-24 15:36:45,807 - Loaded System Directive: org.apache.velocity.runtime.directive.Foreach
2020-08-24 15:36:45,823 - Created '20' parsers.
2020-08-24 15:36:45,825 - Velocimacro : "velocimacro.library" is not set.  Trying default library: VM_global_library.vm
2020-08-24 15:36:45,827 - Could not load resource 'VM_global_library.vm' from ResourceLoader org.apache.velocity.runtime.resource.loader.ClasspathResourceLoader: ClasspathResourceLoader Error: cannot find resource VM_global_library.vm
2020-08-24 15:36:45,827 - Velocimacro : Default library not found.
2020-08-24 15:36:45,828 - Velocimacro : allowInline = true : VMs can be defined inline in templates
2020-08-24 15:36:45,828 - Velocimacro : allowInlineToOverride = false : VMs defined inline may NOT replace previous VM definitions
2020-08-24 15:36:45,828 - Velocimacro : allowInlineLocal = false : VMs defined inline will be global in scope if allowed.
2020-08-24 15:36:45,828 - Velocimacro : autoload off : VM system will not automatically reload global library macros
